<?xml version="1.0" encoding="UTF-8"?>
<testsuite xmlns:xsi="http://www.w3.org/2001/XMLSchema-instance" xsi:noNamespaceSchemaLocation="https://maven.apache.org/surefire/maven-surefire-plugin/xsd/surefire-test-report-3.0.xsd" version="3.0" name="com.mycompany.app.task2.ClosedHashTest" time="0.039" tests="19" errors="0" skipped="0" failures="0">
  <properties>
[...]
</properties>
  <testcase name="fullFilling(Methods)[1]" classname="com.mycompany.app.task2.ClosedHashTest" time="0.003"/>
  <testcase name="fullFilling(Methods)[2]" classname="com.mycompany.app.task2.ClosedHashTest" time="0"/>
  <testcase name="fullFilling(Methods)[3]" classname="com.mycompany.app.task2.ClosedHashTest" time="0.001"/>
  <testcase name="testCollisionHandling(Methods)[1]" classname="com.mycompany.app.task2.ClosedHashTest" time="0.001"/>
  <testcase name="testCollisionHandling(Methods)[2]" classname="com.mycompany.app.task2.ClosedHashTest" time="0.001"/>
  <testcase name="testCollisionHandling(Methods)[3]" classname="com.mycompany.app.task2.ClosedHashTest" time="0.001"/>
  <testcase name="testToString(Methods)[1]" classname="com.mycompany.app.task2.ClosedHashTest" time="0.001"/>
  <testcase name="testToString(Methods)[2]" classname="com.mycompany.app.task2.ClosedHashTest" time="0"/>
  <testcase name="testToString(Methods)[3]" classname="com.mycompany.app.task2.ClosedHashTest" time="0.001"/>
  <testcase name="testAddAndGet(Methods)[1]" classname="com.mycompany.app.task2.ClosedHashTest" time="0.001"/>
  <testcase name="testAddAndGet(Methods)[2]" classname="com.mycompany.app.task2.ClosedHashTest" time="0"/>
  <testcase name="testAddAndGet(Methods)[3]" classname="com.mycompany.app.task2.ClosedHashTest" time="0"/>
  <testcase name="testQuadricVeryMultiAdd" classname="com.mycompany.app.task2.ClosedHashTest" time="0.002"/>
  <testcase name="testQuadricMultiAdd" classname="com.mycompany.app.task2.ClosedHashTest" time="0.001"/>
  <testcase name="simpleFilling(Methods)[1]" classname="com.mycompany.app.task2.ClosedHashTest" time="0.001"/>
  <testcase name="simpleFilling(Methods)[2]" classname="com.mycompany.app.task2.ClosedHashTest" time="0"/>
  <testcase name="testRemove(Methods)[1]" classname="com.mycompany.app.task2.ClosedHashTest" time="0.001"/>
  <testcase name="testRemove(Methods)[2]" classname="com.mycompany.app.task2.ClosedHashTest" time="0"/>
  <testcase name="testRemove(Methods)[3]" classname="com.mycompany.app.task2.ClosedHashTest" time="0"/>
</testsuite>