<?xml version="1.0" encoding="UTF-8"?>
<testsuite xmlns:xsi="http://www.w3.org/2001/XMLSchema-instance" xsi:noNamespaceSchemaLocation="https://maven.apache.org/surefire/maven-surefire-plugin/xsd/surefire-test-report-3.0.xsd" version="3.0" name="com.mycompany.app.task1.SinTest" time="0.072" tests="23" errors="0" skipped="0" failures="0">
  <properties>
[...]
</properties>
  <testcase name="positiveCheck(double)[1]" classname="com.mycompany.app.task1.SinTest" time="0.021"/>
  <testcase name="positiveCheck(double)[2]" classname="com.mycompany.app.task1.SinTest" time="0.001"/>
  <testcase name="positiveCheck(double)[3]" classname="com.mycompany.app.task1.SinTest" time="0"/>
  <testcase name="positiveZeroCloseCheck(double)[1]" classname="com.mycompany.app.task1.SinTest" time="0.001"/>
  <testcase name="positiveZeroCloseCheck(double)[2]" classname="com.mycompany.app.task1.SinTest" time="0.001"/>
  <testcase name="negativeCheck(double)[1]" classname="com.mycompany.app.task1.SinTest" time="0.001"/>
  <testcase name="negativeCheck(double)[2]" classname="com.mycompany.app.task1.SinTest" time="0"/>
  <testcase name="negativeCheck(double)[3]" classname="com.mycompany.app.task1.SinTest" time="0"/>
  <testcase name="plusOneCheck(double)[1]" classname="com.mycompany.app.task1.SinTest" time="0"/>
  <testcase name="plusOneCheck(double)[2]" classname="com.mycompany.app.task1.SinTest" time="0.001"/>
  <testcase name="plusOneCheck(double)[3]" classname="com.mycompany.app.task1.SinTest" time="0"/>
  <testcase name="negativeZeroCloseCheck(double)[1]" classname="com.mycompany.app.task1.SinTest" time="0.001"/>
  <testcase name="negativeZeroCloseCheck(double)[2]" classname="com.mycompany.app.task1.SinTest" time="0.001"/>
  <testcase name="zeroCheck(double)[1]" classname="com.mycompany.app.task1.SinTest" time="0.001"/>
  <testcase name="zeroCheck(double)[2]" classname="com.mycompany.app.task1.SinTest" time="0.001"/>
  <testcase name="zeroCheck(double)[3]" classname="com.mycompany.app.task1.SinTest" time="0"/>
  <testcase name="bigCheck(double)[1]" classname="com.mycompany.app.task1.SinTest" time="0.001"/>
  <testcase name="bigCheck(double)[2]" classname="com.mycompany.app.task1.SinTest" time="0"/>
  <testcase name="bigCheck(double)[3]" classname="com.mycompany.app.task1.SinTest" time="0"/>
  <testcase name="bigCheck(double)[4]" classname="com.mycompany.app.task1.SinTest" time="0.001"/>
  <testcase name="minusOneCheck(double)[1]" classname="com.mycompany.app.task1.SinTest" time="0.001"/>
  <testcase name="minusOneCheck(double)[2]" classname="com.mycompany.app.task1.SinTest" time="0.001"/>
  <testcase name="minusOneCheck(double)[3]" classname="com.mycompany.app.task1.SinTest" time="0.001"/>
</testsuite>